<?xml version="1.0" encoding="UTF-8"?>
<testsuite name="com.rickensteven.sirkwie.OrPortTest" tests="4" skipped="0" failures="0" errors="0" timestamp="2020-05-12T12:06:51" hostname="dagorlad" time="0.005">
  <properties/>
  <testcase name="shouldReturnOff()" classname="com.rickensteven.sirkwie.OrPortTest" time="0.002"/>
  <testcase name="shouldReturnOnA()" classname="com.rickensteven.sirkwie.OrPortTest" time="0.001"/>
  <testcase name="shouldReturnOnB()" classname="com.rickensteven.sirkwie.OrPortTest" time="0.001"/>
  <testcase name="shouldReturnOnC()" classname="com.rickensteven.sirkwie.OrPortTest" time="0.001"/>
  <system-out><![CDATA[]]></system-out>
  <system-err><![CDATA[]]></system-err>
</testsuite>
