<?xml version="1.0" encoding="UTF-8"?>
<testsuite name="com.rickensteven.sirkwie.NorPortTest" tests="4" skipped="0" failures="0" errors="0" timestamp="2020-05-12T12:06:51" hostname="dagorlad" time="0.003">
  <properties/>
  <testcase name="shouldReturnOn()" classname="com.rickensteven.sirkwie.NorPortTest" time="0.001"/>
  <testcase name="shouldReturnOffA()" classname="com.rickensteven.sirkwie.NorPortTest" time="0.001"/>
  <testcase name="shouldReturnOffB()" classname="com.rickensteven.sirkwie.NorPortTest" time="0.0"/>
  <testcase name="shouldReturnOffC()" classname="com.rickensteven.sirkwie.NorPortTest" time="0.0"/>
  <system-out><![CDATA[]]></system-out>
  <system-err><![CDATA[]]></system-err>
</testsuite>
