<?xml version="1.0" encoding="UTF-8"?>
<testsuite name="com.rickensteven.sirkwie.XorPortTest" tests="4" skipped="0" failures="0" errors="0" timestamp="2020-05-12T12:06:51" hostname="dagorlad" time="0.006">
  <properties/>
  <testcase name="shouldReturnOnA()" classname="com.rickensteven.sirkwie.XorPortTest" time="0.002"/>
  <testcase name="shouldReturnOnB()" classname="com.rickensteven.sirkwie.XorPortTest" time="0.0"/>
  <testcase name="shouldReturnOffA()" classname="com.rickensteven.sirkwie.XorPortTest" time="0.0"/>
  <testcase name="shouldReturnOffB()" classname="com.rickensteven.sirkwie.XorPortTest" time="0.001"/>
  <system-out><![CDATA[]]></system-out>
  <system-err><![CDATA[]]></system-err>
</testsuite>
