<?xml version="1.0" encoding="UTF-8"?>
<testsuite name="com.rickensteven.sirkwie.NodeFactoryTest" tests="7" skipped="0" failures="0" errors="0" timestamp="2020-05-12T12:06:51" hostname="dagorlad" time="0.005">
  <properties/>
  <testcase name="shouldReturnNorPort()" classname="com.rickensteven.sirkwie.NodeFactoryTest" time="0.001"/>
  <testcase name="shouldReturnNotPort()" classname="com.rickensteven.sirkwie.NodeFactoryTest" time="0.001"/>
  <testcase name="shouldThrowError()" classname="com.rickensteven.sirkwie.NodeFactoryTest" time="0.0"/>
  <testcase name="shouldReturnOrPort()" classname="com.rickensteven.sirkwie.NodeFactoryTest" time="0.001"/>
  <testcase name="shouldReturnXorPort()" classname="com.rickensteven.sirkwie.NodeFactoryTest" time="0.0"/>
  <testcase name="shouldReturnAndPort()" classname="com.rickensteven.sirkwie.NodeFactoryTest" time="0.0"/>
  <testcase name="shouldReturnNandPort()" classname="com.rickensteven.sirkwie.NodeFactoryTest" time="0.001"/>
  <system-out><![CDATA[]]></system-out>
  <system-err><![CDATA[]]></system-err>
</testsuite>
