<?xml version="1.0" encoding="UTF-8"?>
<testsuite name="com.rickensteven.sirkwie.InputTest" tests="2" skipped="0" failures="0" errors="0" timestamp="2020-05-12T12:06:51" hostname="dagorlad" time="0.001">
  <properties/>
  <testcase name="shouldBeOff()" classname="com.rickensteven.sirkwie.InputTest" time="0.0"/>
  <testcase name="shouldBeOn()" classname="com.rickensteven.sirkwie.InputTest" time="0.001"/>
  <system-out><![CDATA[]]></system-out>
  <system-err><![CDATA[]]></system-err>
</testsuite>
