<?xml version="1.0" encoding="UTF-8"?>
<testsuite name="com.rickensteven.sirkwie.NotPortTest" tests="3" skipped="0" failures="0" errors="0" timestamp="2020-05-12T12:06:51" hostname="dagorlad" time="0.011">
  <properties/>
  <testcase name="shouldReturnOff()" classname="com.rickensteven.sirkwie.NotPortTest" time="0.006"/>
  <testcase name="shouldThrowErrorNotOneInput()" classname="com.rickensteven.sirkwie.NotPortTest" time="0.002"/>
  <testcase name="shouldReturnOn()" classname="com.rickensteven.sirkwie.NotPortTest" time="0.001"/>
  <system-out><![CDATA[]]></system-out>
  <system-err><![CDATA[]]></system-err>
</testsuite>
