<?xml version="1.0" encoding="UTF-8"?>
<testsuite name="com.rickensteven.sirkwie.DP1CircuitLexerTest" tests="1" skipped="0" failures="0" errors="0" timestamp="2020-05-12T12:06:51" hostname="dagorlad" time="0.028">
  <properties/>
  <testcase name="parseNodeDefinition()" classname="com.rickensteven.sirkwie.DP1CircuitLexerTest" time="0.028"/>
  <system-out><![CDATA[]]></system-out>
  <system-err><![CDATA[]]></system-err>
</testsuite>
